<?xml version="1.0" encoding="UTF-8"?>
<coverage generated="1691684681729" clover="3.2.0">
  <project timestamp="1691684681729" name="All files">
    <metrics statements="29" coveredstatements="15" conditionals="6" coveredconditionals="0" methods="11" coveredmethods="3" elements="46" coveredelements="18" complexity="0" loc="29" ncloc="29" packages="2" files="5" classes="5"/>
    <package name="compoenents">
      <metrics statements="17" coveredstatements="7" conditionals="6" coveredconditionals="0" methods="6" coveredmethods="2"/>
      <file name="dashbort.js" path="/Users/mohammed/Documents/webAndApiDesignExam/frontend/src/compoenents/dashbort.js">
        <metrics statements="12" coveredstatements="2" conditionals="6" coveredconditionals="0" methods="4" coveredmethods="0"/>
        <line num="11" count="1" type="stmt"/>
        <line num="12" count="0" type="stmt"/>
        <line num="13" count="0" type="stmt"/>
        <line num="15" count="0" type="stmt"/>
        <line num="20" count="0" type="stmt"/>
        <line num="21" count="0" type="stmt"/>
        <line num="22" count="0" type="stmt"/>
        <line num="23" count="0" type="stmt"/>
        <line num="25" count="0" type="stmt"/>
        <line num="43" count="0" type="stmt"/>
        <line num="62" count="0" type="stmt"/>
        <line num="75" count="1" type="stmt"/>
      </file>
      <file name="loader.js" path="/Users/mohammed/Documents/webAndApiDesignExam/frontend/src/compoenents/loader.js">
        <metrics statements="2" coveredstatements="2" conditionals="0" coveredconditionals="0" methods="1" coveredmethods="1"/>
        <line num="4" count="2" type="stmt"/>
        <line num="5" count="1" type="stmt"/>
      </file>
      <file name="message.js" path="/Users/mohammed/Documents/webAndApiDesignExam/frontend/src/compoenents/message.js">
        <metrics statements="3" coveredstatements="3" conditionals="0" coveredconditionals="0" methods="1" coveredmethods="1"/>
        <line num="4" count="2" type="stmt"/>
        <line num="5" count="1" type="stmt"/>
        <line num="11" count="2" type="stmt"/>
      </file>
    </package>
    <package name="context">
      <metrics statements="12" coveredstatements="8" conditionals="0" coveredconditionals="0" methods="5" coveredmethods="1"/>
      <file name="contanst.js" path="/Users/mohammed/Documents/webAndApiDesignExam/frontend/src/context/contanst.js">
        <metrics statements="4" coveredstatements="4" conditionals="0" coveredconditionals="0" methods="0" coveredmethods="0"/>
        <line num="1" count="1" type="stmt"/>
        <line num="2" count="1" type="stmt"/>
        <line num="3" count="1" type="stmt"/>
        <line num="4" count="1" type="stmt"/>
      </file>
      <file name="dashbortApi.js" path="/Users/mohammed/Documents/webAndApiDesignExam/frontend/src/context/dashbortApi.js">
        <metrics statements="8" coveredstatements="4" conditionals="0" coveredconditionals="0" methods="5" coveredmethods="1"/>
        <line num="10" count="1" type="stmt"/>
        <line num="14" count="1" type="stmt"/>
        <line num="18" count="1" type="stmt"/>
        <line num="20" count="0" type="stmt"/>
        <line num="29" count="0" type="stmt"/>
        <line num="38" count="0" type="stmt"/>
        <line num="46" count="0" type="stmt"/>
        <line num="60" count="1" type="stmt"/>
      </file>
    </package>
  </project>
</coverage>
