{"/Users/mohammed/Documents/webAndApiDesignExam/frontend/src/compoenents/dashbort.js": {"path":"/Users/mohammed/Documents/webAndApiDesignExam/frontend/src/compoenents/dashbort.js","statementMap":{"0":{"start":{"line":11,"column":17},"end":{"line":71,"column":1}},"1":{"start":{"line":12,"column":18},"end":{"line":12,"column":31}},"2":{"start":{"line":13,"column":20},"end":{"line":13,"column":33}},"3":{"start":{"line":15,"column":2},"end":{"line":15,"column":34}},"4":{"start":{"line":20,"column":5},"end":{"line":20,"column":28}},"5":{"start":{"line":21,"column":22},"end":{"line":24,"column":2}},"6":{"start":{"line":22,"column":2},"end":{"line":22,"column":36}},"7":{"start":{"line":23,"column":2},"end":{"line":23,"column":18}},"8":{"start":{"line":25,"column":1},"end":{"line":70,"column":3}},"9":{"start":{"line":43,"column":7},"end":{"line":64,"column":13}},"10":{"start":{"line":59,"column":26},"end":{"line":59,"column":47}},"11":{"start":{"line":73,"column":14},"end":{"line":76,"column":1}}},"fnMap":{"0":{"name":"(anonymous_0)","decl":{"start":{"line":11,"column":17},"end":{"line":11,"column":18}},"loc":{"start":{"line":11,"column":23},"end":{"line":71,"column":1}},"line":11},"1":{"name":"(anonymous_1)","decl":{"start":{"line":21,"column":22},"end":{"line":21,"column":23}},"loc":{"start":{"line":21,"column":28},"end":{"line":24,"column":2}},"line":21},"2":{"name":"(anonymous_2)","decl":{"start":{"line":42,"column":20},"end":{"line":42,"column":21}},"loc":{"start":{"line":43,"column":7},"end":{"line":64,"column":13}},"line":43},"3":{"name":"(anonymous_3)","decl":{"start":{"line":59,"column":20},"end":{"line":59,"column":21}},"loc":{"start":{"line":59,"column":26},"end":{"line":59,"column":47}},"line":59}},"branchMap":{"0":{"loc":{"start":{"line":27,"column":4},"end":{"line":68,"column":4}},"type":"cond-expr","locations":[{"start":{"line":28,"column":4},"end":{"line":28,"column":14}},{"start":{"line":29,"column":7},"end":{"line":68,"column":4}}],"line":27},"1":{"loc":{"start":{"line":29,"column":7},"end":{"line":68,"column":4}},"type":"cond-expr","locations":[{"start":{"line":30,"column":4},"end":{"line":32,"column":14}},{"start":{"line":34,"column":4},"end":{"line":67,"column":7}}],"line":29},"2":{"loc":{"start":{"line":31,"column":6},"end":{"line":31,"column":41}},"type":"binary-expr","locations":[{"start":{"line":31,"column":6},"end":{"line":31,"column":26}},{"start":{"line":31,"column":30},"end":{"line":31,"column":41}}],"line":31}},"s":{"0":1,"1":0,"2":0,"3":0,"4":0,"5":0,"6":0,"7":0,"8":0,"9":0,"10":0,"11":1},"f":{"0":0,"1":0,"2":0,"3":0},"b":{"0":[0,0],"1":[0,0],"2":[0,0]},"_coverageSchema":"1a1c01bbd47fc00a2c39e90264f33305004495a9","hash":"0128f532b55853e5bfec66da124c609b335041b5"}
,"/Users/mohammed/Documents/webAndApiDesignExam/frontend/src/compoenents/loader.js": {"path":"/Users/mohammed/Documents/webAndApiDesignExam/frontend/src/compoenents/loader.js","statementMap":{"0":{"start":{"line":4,"column":15},"end":{"line":16,"column":1}},"1":{"start":{"line":5,"column":1},"end":{"line":15,"column":3}}},"fnMap":{"0":{"name":"(anonymous_0)","decl":{"start":{"line":4,"column":15},"end":{"line":4,"column":16}},"loc":{"start":{"line":4,"column":21},"end":{"line":16,"column":1}},"line":4}},"branchMap":{},"s":{"0":2,"1":1},"f":{"0":1},"b":{},"_coverageSchema":"1a1c01bbd47fc00a2c39e90264f33305004495a9","hash":"3838ed64bf88fd503440895b984e31f03304a545"}
,"/Users/mohammed/Documents/webAndApiDesignExam/frontend/src/compoenents/message.js": {"path":"/Users/mohammed/Documents/webAndApiDesignExam/frontend/src/compoenents/message.js","statementMap":{"0":{"start":{"line":4,"column":16},"end":{"line":10,"column":1}},"1":{"start":{"line":5,"column":1},"end":{"line":9,"column":3}},"2":{"start":{"line":11,"column":0},"end":{"line":13,"column":2}}},"fnMap":{"0":{"name":"(anonymous_0)","decl":{"start":{"line":4,"column":16},"end":{"line":4,"column":17}},"loc":{"start":{"line":4,"column":43},"end":{"line":10,"column":1}},"line":4}},"branchMap":{},"s":{"0":2,"1":1,"2":2},"f":{"0":1},"b":{},"_coverageSchema":"1a1c01bbd47fc00a2c39e90264f33305004495a9","hash":"f8da058dc1dbf288483583fee4bc5b456e5517f8"}
,"/Users/mohammed/Documents/webAndApiDesignExam/frontend/src/context/contanst.js": {"path":"/Users/mohammed/Documents/webAndApiDesignExam/frontend/src/context/contanst.js","statementMap":{"0":{"start":{"line":1,"column":24},"end":{"line":1,"column":47}},"1":{"start":{"line":2,"column":28},"end":{"line":2,"column":44}},"2":{"start":{"line":3,"column":25},"end":{"line":3,"column":37}}},"fnMap":{},"branchMap":{},"s":{"0":1,"1":1,"2":1},"f":{},"b":{},"_coverageSchema":"1a1c01bbd47fc00a2c39e90264f33305004495a9","hash":"a3b8333095cfc0bc030ec332aefab50c823220f5"}
,"/Users/mohammed/Documents/webAndApiDesignExam/frontend/src/context/dashbortApi.js": {"path":"/Users/mohammed/Documents/webAndApiDesignExam/frontend/src/context/dashbortApi.js","statementMap":{"0":{"start":{"line":6,"column":16},"end":{"line":8,"column":2}},"1":{"start":{"line":10,"column":20},"end":{"line":41,"column":2}},"2":{"start":{"line":14,"column":2},"end":{"line":39,"column":4}},"3":{"start":{"line":16,"column":18},"end":{"line":19,"column":5}},"4":{"start":{"line":25,"column":5},"end":{"line":29,"column":7}},"5":{"start":{"line":33,"column":18},"end":{"line":36,"column":5}},"6":{"start":{"line":46,"column":4},"end":{"line":46,"column":15}}},"fnMap":{"0":{"name":"(anonymous_0)","decl":{"start":{"line":13,"column":1},"end":{"line":13,"column":2}},"loc":{"start":{"line":13,"column":20},"end":{"line":40,"column":2}},"line":13},"1":{"name":"(anonymous_1)","decl":{"start":{"line":16,"column":11},"end":{"line":16,"column":12}},"loc":{"start":{"line":16,"column":18},"end":{"line":19,"column":5}},"line":16},"2":{"name":"(anonymous_2)","decl":{"start":{"line":24,"column":11},"end":{"line":24,"column":12}},"loc":{"start":{"line":24,"column":19},"end":{"line":30,"column":5}},"line":24},"3":{"name":"(anonymous_3)","decl":{"start":{"line":33,"column":11},"end":{"line":33,"column":12}},"loc":{"start":{"line":33,"column":18},"end":{"line":36,"column":5}},"line":33}},"branchMap":{},"s":{"0":1,"1":1,"2":1,"3":0,"4":0,"5":0,"6":1},"f":{"0":1,"1":0,"2":0,"3":0},"b":{},"_coverageSchema":"1a1c01bbd47fc00a2c39e90264f33305004495a9","hash":"4f430adfe4b259fdfdaf10049c46a36539bde17b"}
}
