{"/Users/mohammed/Documents/webAndApiDesignExam/backend/app.js": {"path":"/Users/mohammed/Documents/webAndApiDesignExam/backend/app.js","statementMap":{"0":{"start":{"line":1,"column":16},"end":{"line":1,"column":34}},"1":{"start":{"line":2,"column":13},"end":{"line":2,"column":28}},"2":{"start":{"line":3,"column":15},"end":{"line":3,"column":32}},"3":{"start":{"line":4,"column":13},"end":{"line":4,"column":28}},"4":{"start":{"line":5,"column":19},"end":{"line":5,"column":41}},"5":{"start":{"line":6,"column":21},"end":{"line":6,"column":45}},"6":{"start":{"line":7,"column":17},"end":{"line":7,"column":33}},"7":{"start":{"line":13,"column":4},"end":{"line":13,"column":42}},"8":{"start":{"line":14,"column":20},"end":{"line":14,"column":55}},"9":{"start":{"line":16,"column":12},"end":{"line":16,"column":21}},"10":{"start":{"line":17,"column":0},"end":{"line":17,"column":16}},"11":{"start":{"line":18,"column":0},"end":{"line":22,"column":2}},"12":{"start":{"line":23,"column":0},"end":{"line":23,"column":24}},"13":{"start":{"line":24,"column":0},"end":{"line":26,"column":2}},"14":{"start":{"line":27,"column":0},"end":{"line":27,"column":28}},"15":{"start":{"line":28,"column":0},"end":{"line":28,"column":35}},"16":{"start":{"line":29,"column":0},"end":{"line":29,"column":41}},"17":{"start":{"line":30,"column":0},"end":{"line":30,"column":35}},"18":{"start":{"line":31,"column":0},"end":{"line":31,"column":24}},"19":{"start":{"line":33,"column":0},"end":{"line":37,"column":3}},"20":{"start":{"line":34,"column":1},"end":{"line":36,"column":3}},"21":{"start":{"line":39,"column":0},"end":{"line":39,"column":21}}},"fnMap":{"0":{"name":"(anonymous_0)","decl":{"start":{"line":33,"column":14},"end":{"line":33,"column":15}},"loc":{"start":{"line":33,"column":28},"end":{"line":37,"column":1}},"line":33}},"branchMap":{},"s":{"0":2,"1":2,"2":2,"3":2,"4":2,"5":2,"6":2,"7":2,"8":2,"9":2,"10":2,"11":2,"12":2,"13":2,"14":2,"15":2,"16":2,"17":2,"18":2,"19":2,"20":0,"21":2},"f":{"0":0},"b":{},"_coverageSchema":"1a1c01bbd47fc00a2c39e90264f33305004495a9","hash":"b711d957587131feb692e3079cdc24b3ae437ab6"}
,"/Users/mohammed/Documents/webAndApiDesignExam/backend/controllers/DashbortController.js": {"path":"/Users/mohammed/Documents/webAndApiDesignExam/backend/controllers/DashbortController.js","statementMap":{"0":{"start":{"line":1,"column":17},"end":{"line":1,"column":55}},"1":{"start":{"line":2,"column":14},"end":{"line":2,"column":52}},"2":{"start":{"line":4,"column":23},"end":{"line":18,"column":1}},"3":{"start":{"line":5,"column":49},"end":{"line":5,"column":57}},"4":{"start":{"line":7,"column":1},"end":{"line":17,"column":2}},"5":{"start":{"line":8,"column":26},"end":{"line":13,"column":4}},"6":{"start":{"line":14,"column":2},"end":{"line":14,"column":40}},"7":{"start":{"line":16,"column":2},"end":{"line":16,"column":49}},"8":{"start":{"line":19,"column":21},"end":{"line":27,"column":1}},"9":{"start":{"line":20,"column":19},"end":{"line":20,"column":27}},"10":{"start":{"line":21,"column":1},"end":{"line":26,"column":2}},"11":{"start":{"line":22,"column":18},"end":{"line":22,"column":47}},"12":{"start":{"line":23,"column":2},"end":{"line":23,"column":40}},"13":{"start":{"line":25,"column":2},"end":{"line":25,"column":49}},"14":{"start":{"line":29,"column":23},"end":{"line":40,"column":1}},"15":{"start":{"line":30,"column":18},"end":{"line":30,"column":56}},"16":{"start":{"line":31,"column":1},"end":{"line":39,"column":2}},"17":{"start":{"line":32,"column":2},"end":{"line":32,"column":50}},"18":{"start":{"line":33,"column":2},"end":{"line":35,"column":54}},"19":{"start":{"line":37,"column":2},"end":{"line":37,"column":18}},"20":{"start":{"line":38,"column":2},"end":{"line":38,"column":36}},"21":{"start":{"line":42,"column":21},"end":{"line":45,"column":1}},"22":{"start":{"line":43,"column":19},"end":{"line":43,"column":42}},"23":{"start":{"line":44,"column":1},"end":{"line":44,"column":33}},"24":{"start":{"line":46,"column":23},"end":{"line":55,"column":1}},"25":{"start":{"line":47,"column":17},"end":{"line":47,"column":55}},"26":{"start":{"line":49,"column":1},"end":{"line":54,"column":2}},"27":{"start":{"line":50,"column":2},"end":{"line":50,"column":20}},"28":{"start":{"line":52,"column":2},"end":{"line":52,"column":18}},"29":{"start":{"line":53,"column":2},"end":{"line":53,"column":39}},"30":{"start":{"line":57,"column":0},"end":{"line":63,"column":2}}},"fnMap":{"0":{"name":"(anonymous_0)","decl":{"start":{"line":4,"column":23},"end":{"line":4,"column":24}},"loc":{"start":{"line":4,"column":43},"end":{"line":18,"column":1}},"line":4},"1":{"name":"(anonymous_1)","decl":{"start":{"line":19,"column":21},"end":{"line":19,"column":22}},"loc":{"start":{"line":19,"column":41},"end":{"line":27,"column":1}},"line":19},"2":{"name":"(anonymous_2)","decl":{"start":{"line":29,"column":23},"end":{"line":29,"column":24}},"loc":{"start":{"line":29,"column":43},"end":{"line":40,"column":1}},"line":29},"3":{"name":"(anonymous_3)","decl":{"start":{"line":42,"column":21},"end":{"line":42,"column":22}},"loc":{"start":{"line":42,"column":41},"end":{"line":45,"column":1}},"line":42},"4":{"name":"(anonymous_4)","decl":{"start":{"line":46,"column":23},"end":{"line":46,"column":24}},"loc":{"start":{"line":46,"column":43},"end":{"line":55,"column":1}},"line":46}},"branchMap":{"0":{"loc":{"start":{"line":31,"column":1},"end":{"line":39,"column":2}},"type":"if","locations":[{"start":{"line":31,"column":1},"end":{"line":39,"column":2}},{"start":{"line":36,"column":8},"end":{"line":39,"column":2}}],"line":31},"1":{"loc":{"start":{"line":49,"column":1},"end":{"line":54,"column":2}},"type":"if","locations":[{"start":{"line":49,"column":1},"end":{"line":54,"column":2}},{"start":{"line":51,"column":8},"end":{"line":54,"column":2}}],"line":49}},"s":{"0":2,"1":2,"2":2,"3":1,"4":1,"5":1,"6":1,"7":0,"8":2,"9":0,"10":0,"11":0,"12":0,"13":0,"14":2,"15":0,"16":0,"17":0,"18":0,"19":0,"20":0,"21":2,"22":0,"23":0,"24":2,"25":0,"26":0,"27":0,"28":0,"29":0,"30":2},"f":{"0":1,"1":0,"2":0,"3":0,"4":0},"b":{"0":[0,0],"1":[0,0]},"_coverageSchema":"1a1c01bbd47fc00a2c39e90264f33305004495a9","hash":"6c90d89fe37ba56cac98523f1f76ef8a81df9ab8"}
,"/Users/mohammed/Documents/webAndApiDesignExam/backend/controllers/usersControllers.js": {"path":"/Users/mohammed/Documents/webAndApiDesignExam/backend/controllers/usersControllers.js","statementMap":{"0":{"start":{"line":1,"column":13},"end":{"line":1,"column":47}},"1":{"start":{"line":2,"column":15},"end":{"line":2,"column":34}},"2":{"start":{"line":5,"column":4},"end":{"line":5,"column":41}},"3":{"start":{"line":7,"column":17},"end":{"line":28,"column":1}},"4":{"start":{"line":8,"column":29},"end":{"line":8,"column":37}},"5":{"start":{"line":9,"column":14},"end":{"line":9,"column":43}},"6":{"start":{"line":11,"column":15},"end":{"line":14,"column":2}},"7":{"start":{"line":16,"column":1},"end":{"line":27,"column":2}},"8":{"start":{"line":17,"column":2},"end":{"line":17,"column":42}},"9":{"start":{"line":18,"column":2},"end":{"line":23,"column":5}},"10":{"start":{"line":25,"column":2},"end":{"line":25,"column":18}},"11":{"start":{"line":26,"column":2},"end":{"line":26,"column":47}},"12":{"start":{"line":30,"column":20},"end":{"line":37,"column":1}},"13":{"start":{"line":31,"column":15},"end":{"line":31,"column":34}},"14":{"start":{"line":32,"column":1},"end":{"line":36,"column":2}},"15":{"start":{"line":33,"column":2},"end":{"line":33,"column":30}},"16":{"start":{"line":35,"column":2},"end":{"line":35,"column":56}},"17":{"start":{"line":38,"column":21},"end":{"line":70,"column":1}},"18":{"start":{"line":39,"column":35},"end":{"line":39,"column":43}},"19":{"start":{"line":40,"column":1},"end":{"line":69,"column":19}},"20":{"start":{"line":41,"column":20},"end":{"line":41,"column":49}},"21":{"start":{"line":42,"column":2},"end":{"line":45,"column":3}},"22":{"start":{"line":43,"column":3},"end":{"line":43,"column":19}},"23":{"start":{"line":44,"column":3},"end":{"line":44,"column":41}},"24":{"start":{"line":46,"column":15},"end":{"line":46,"column":39}},"25":{"start":{"line":47,"column":15},"end":{"line":47,"column":48}},"26":{"start":{"line":48,"column":17},"end":{"line":48,"column":29}},"27":{"start":{"line":50,"column":15},"end":{"line":54,"column":4}},"28":{"start":{"line":56,"column":2},"end":{"line":68,"column":3}},"29":{"start":{"line":57,"column":3},"end":{"line":57,"column":43}},"30":{"start":{"line":59,"column":3},"end":{"line":64,"column":6}},"31":{"start":{"line":66,"column":3},"end":{"line":66,"column":19}},"32":{"start":{"line":67,"column":3},"end":{"line":67,"column":40}},"33":{"start":{"line":73,"column":16},"end":{"line":86,"column":1}},"34":{"start":{"line":74,"column":1},"end":{"line":85,"column":2}},"35":{"start":{"line":75,"column":2},"end":{"line":78,"column":5}},"36":{"start":{"line":79,"column":2},"end":{"line":81,"column":49}},"37":{"start":{"line":83,"column":2},"end":{"line":83,"column":18}},"38":{"start":{"line":84,"column":2},"end":{"line":84,"column":36}},"39":{"start":{"line":90,"column":23},"end":{"line":103,"column":1}},"40":{"start":{"line":91,"column":14},"end":{"line":91,"column":47}},"41":{"start":{"line":92,"column":1},"end":{"line":102,"column":2}},"42":{"start":{"line":93,"column":2},"end":{"line":98,"column":5}},"43":{"start":{"line":100,"column":2},"end":{"line":100,"column":18}},"44":{"start":{"line":101,"column":2},"end":{"line":101,"column":36}},"45":{"start":{"line":106,"column":26},"end":{"line":127,"column":1}},"46":{"start":{"line":107,"column":14},"end":{"line":107,"column":47}},"47":{"start":{"line":108,"column":1},"end":{"line":126,"column":2}},"48":{"start":{"line":109,"column":2},"end":{"line":112,"column":3}},"49":{"start":{"line":110,"column":3},"end":{"line":110,"column":42}},"50":{"start":{"line":111,"column":3},"end":{"line":111,"column":45}},"51":{"start":{"line":113,"column":2},"end":{"line":115,"column":3}},"52":{"start":{"line":114,"column":3},"end":{"line":114,"column":37}},"53":{"start":{"line":116,"column":28},"end":{"line":116,"column":45}},"54":{"start":{"line":117,"column":2},"end":{"line":122,"column":5}},"55":{"start":{"line":124,"column":2},"end":{"line":124,"column":18}},"56":{"start":{"line":125,"column":2},"end":{"line":125,"column":48}},"57":{"start":{"line":129,"column":19},"end":{"line":138,"column":1}},"58":{"start":{"line":130,"column":18},"end":{"line":132,"column":22}},"59":{"start":{"line":133,"column":1},"end":{"line":137,"column":2}},"60":{"start":{"line":134,"column":2},"end":{"line":134,"column":33}},"61":{"start":{"line":136,"column":2},"end":{"line":136,"column":36}},"62":{"start":{"line":140,"column":19},"end":{"line":155,"column":1}},"63":{"start":{"line":141,"column":14},"end":{"line":141,"column":48}},"64":{"start":{"line":142,"column":1},"end":{"line":154,"column":2}},"65":{"start":{"line":143,"column":2},"end":{"line":146,"column":3}},"66":{"start":{"line":144,"column":3},"end":{"line":144,"column":19}},"67":{"start":{"line":145,"column":3},"end":{"line":145,"column":43}},"68":{"start":{"line":147,"column":2},"end":{"line":147,"column":42}},"69":{"start":{"line":148,"column":2},"end":{"line":150,"column":54}},"70":{"start":{"line":152,"column":2},"end":{"line":152,"column":18}},"71":{"start":{"line":153,"column":2},"end":{"line":153,"column":36}},"72":{"start":{"line":157,"column":19},"end":{"line":174,"column":1}},"73":{"start":{"line":158,"column":14},"end":{"line":158,"column":48}},"74":{"start":{"line":159,"column":1},"end":{"line":173,"column":24}},"75":{"start":{"line":160,"column":2},"end":{"line":160,"column":41}},"76":{"start":{"line":161,"column":2},"end":{"line":161,"column":44}},"77":{"start":{"line":162,"column":2},"end":{"line":164,"column":4}},"78":{"start":{"line":165,"column":2},"end":{"line":165,"column":20}},"79":{"start":{"line":167,"column":2},"end":{"line":172,"column":5}},"80":{"start":{"line":173,"column":8},"end":{"line":173,"column":24}},"81":{"start":{"line":175,"column":0},"end":{"line":185,"column":2}}},"fnMap":{"0":{"name":"(anonymous_0)","decl":{"start":{"line":7,"column":17},"end":{"line":7,"column":18}},"loc":{"start":{"line":7,"column":37},"end":{"line":28,"column":1}},"line":7},"1":{"name":"(anonymous_1)","decl":{"start":{"line":30,"column":20},"end":{"line":30,"column":21}},"loc":{"start":{"line":30,"column":40},"end":{"line":37,"column":1}},"line":30},"2":{"name":"(anonymous_2)","decl":{"start":{"line":38,"column":21},"end":{"line":38,"column":22}},"loc":{"start":{"line":38,"column":41},"end":{"line":70,"column":1}},"line":38},"3":{"name":"(anonymous_3)","decl":{"start":{"line":73,"column":16},"end":{"line":73,"column":17}},"loc":{"start":{"line":73,"column":36},"end":{"line":86,"column":1}},"line":73},"4":{"name":"(anonymous_4)","decl":{"start":{"line":90,"column":23},"end":{"line":90,"column":24}},"loc":{"start":{"line":90,"column":43},"end":{"line":103,"column":1}},"line":90},"5":{"name":"(anonymous_5)","decl":{"start":{"line":106,"column":26},"end":{"line":106,"column":27}},"loc":{"start":{"line":106,"column":46},"end":{"line":127,"column":1}},"line":106},"6":{"name":"(anonymous_6)","decl":{"start":{"line":129,"column":19},"end":{"line":129,"column":20}},"loc":{"start":{"line":129,"column":39},"end":{"line":138,"column":1}},"line":129},"7":{"name":"(anonymous_7)","decl":{"start":{"line":140,"column":19},"end":{"line":140,"column":20}},"loc":{"start":{"line":140,"column":39},"end":{"line":155,"column":1}},"line":140},"8":{"name":"(anonymous_8)","decl":{"start":{"line":157,"column":19},"end":{"line":157,"column":20}},"loc":{"start":{"line":157,"column":39},"end":{"line":174,"column":1}},"line":157}},"branchMap":{"0":{"loc":{"start":{"line":16,"column":1},"end":{"line":27,"column":2}},"type":"if","locations":[{"start":{"line":16,"column":1},"end":{"line":27,"column":2}},{"start":{"line":24,"column":8},"end":{"line":27,"column":2}}],"line":16},"1":{"loc":{"start":{"line":42,"column":2},"end":{"line":45,"column":3}},"type":"if","locations":[{"start":{"line":42,"column":2},"end":{"line":45,"column":3}},{"start":{},"end":{}}],"line":42},"2":{"loc":{"start":{"line":56,"column":2},"end":{"line":68,"column":3}},"type":"if","locations":[{"start":{"line":56,"column":2},"end":{"line":68,"column":3}},{"start":{"line":65,"column":9},"end":{"line":68,"column":3}}],"line":56},"3":{"loc":{"start":{"line":92,"column":1},"end":{"line":102,"column":2}},"type":"if","locations":[{"start":{"line":92,"column":1},"end":{"line":102,"column":2}},{"start":{"line":99,"column":8},"end":{"line":102,"column":2}}],"line":92},"4":{"loc":{"start":{"line":109,"column":2},"end":{"line":112,"column":3}},"type":"if","locations":[{"start":{"line":109,"column":2},"end":{"line":112,"column":3}},{"start":{},"end":{}}],"line":109},"5":{"loc":{"start":{"line":110,"column":15},"end":{"line":110,"column":41}},"type":"binary-expr","locations":[{"start":{"line":110,"column":15},"end":{"line":110,"column":28}},{"start":{"line":110,"column":32},"end":{"line":110,"column":41}}],"line":110},"6":{"loc":{"start":{"line":111,"column":16},"end":{"line":111,"column":44}},"type":"binary-expr","locations":[{"start":{"line":111,"column":16},"end":{"line":111,"column":30}},{"start":{"line":111,"column":34},"end":{"line":111,"column":44}}],"line":111},"7":{"loc":{"start":{"line":113,"column":2},"end":{"line":115,"column":3}},"type":"if","locations":[{"start":{"line":113,"column":2},"end":{"line":115,"column":3}},{"start":{},"end":{}}],"line":113},"8":{"loc":{"start":{"line":133,"column":1},"end":{"line":137,"column":2}},"type":"if","locations":[{"start":{"line":133,"column":1},"end":{"line":137,"column":2}},{"start":{"line":135,"column":8},"end":{"line":137,"column":2}}],"line":133},"9":{"loc":{"start":{"line":142,"column":1},"end":{"line":154,"column":2}},"type":"if","locations":[{"start":{"line":142,"column":1},"end":{"line":154,"column":2}},{"start":{"line":151,"column":8},"end":{"line":154,"column":2}}],"line":142},"10":{"loc":{"start":{"line":143,"column":2},"end":{"line":146,"column":3}},"type":"if","locations":[{"start":{"line":143,"column":2},"end":{"line":146,"column":3}},{"start":{},"end":{}}],"line":143},"11":{"loc":{"start":{"line":159,"column":1},"end":{"line":173,"column":24}},"type":"if","locations":[{"start":{"line":159,"column":1},"end":{"line":173,"column":24}},{"start":{"line":173,"column":8},"end":{"line":173,"column":24}}],"line":159},"12":{"loc":{"start":{"line":160,"column":14},"end":{"line":160,"column":40}},"type":"binary-expr","locations":[{"start":{"line":160,"column":14},"end":{"line":160,"column":27}},{"start":{"line":160,"column":31},"end":{"line":160,"column":40}}],"line":160},"13":{"loc":{"start":{"line":161,"column":15},"end":{"line":161,"column":43}},"type":"binary-expr","locations":[{"start":{"line":161,"column":15},"end":{"line":161,"column":29}},{"start":{"line":161,"column":33},"end":{"line":161,"column":43}}],"line":161},"14":{"loc":{"start":{"line":163,"column":3},"end":{"line":163,"column":35}},"type":"binary-expr","locations":[{"start":{"line":163,"column":3},"end":{"line":163,"column":19}},{"start":{"line":163,"column":23},"end":{"line":163,"column":35}}],"line":163}},"s":{"0":2,"1":2,"2":2,"3":2,"4":0,"5":0,"6":0,"7":0,"8":0,"9":0,"10":0,"11":0,"12":2,"13":0,"14":0,"15":0,"16":0,"17":2,"18":0,"19":0,"20":0,"21":0,"22":0,"23":0,"24":0,"25":0,"26":0,"27":0,"28":0,"29":0,"30":0,"31":0,"32":0,"33":2,"34":0,"35":0,"36":0,"37":0,"38":0,"39":2,"40":0,"41":0,"42":0,"43":0,"44":0,"45":2,"46":0,"47":0,"48":0,"49":0,"50":0,"51":0,"52":0,"53":0,"54":0,"55":0,"56":0,"57":2,"58":0,"59":0,"60":0,"61":0,"62":2,"63":0,"64":0,"65":0,"66":0,"67":0,"68":0,"69":0,"70":0,"71":0,"72":2,"73":0,"74":0,"75":0,"76":0,"77":0,"78":0,"79":0,"80":0,"81":2},"f":{"0":0,"1":0,"2":0,"3":0,"4":0,"5":0,"6":0,"7":0,"8":0},"b":{"0":[0,0],"1":[0,0],"2":[0,0],"3":[0,0],"4":[0,0],"5":[0,0],"6":[0,0],"7":[0,0],"8":[0,0],"9":[0,0],"10":[0,0],"11":[0,0],"12":[0,0],"13":[0,0],"14":[0,0]},"_coverageSchema":"1a1c01bbd47fc00a2c39e90264f33305004495a9","hash":"13c03ba4a62ad0c2d005b5b99a415b0a11041b73"}
,"/Users/mohammed/Documents/webAndApiDesignExam/backend/midddelwars/jwtToken.js": {"path":"/Users/mohammed/Documents/webAndApiDesignExam/backend/midddelwars/jwtToken.js","statementMap":{"0":{"start":{"line":1,"column":12},"end":{"line":1,"column":35}},"1":{"start":{"line":2,"column":15},"end":{"line":2,"column":28}},"2":{"start":{"line":3,"column":22},"end":{"line":14,"column":1}},"3":{"start":{"line":4,"column":21},"end":{"line":6,"column":3}},"4":{"start":{"line":8,"column":1},"end":{"line":13,"column":4}},"5":{"start":{"line":16,"column":0},"end":{"line":18,"column":2}}},"fnMap":{"0":{"name":"(anonymous_0)","decl":{"start":{"line":3,"column":22},"end":{"line":3,"column":23}},"loc":{"start":{"line":3,"column":39},"end":{"line":14,"column":1}},"line":3}},"branchMap":{},"s":{"0":2,"1":2,"2":2,"3":0,"4":0,"5":2},"f":{"0":0},"b":{},"_coverageSchema":"1a1c01bbd47fc00a2c39e90264f33305004495a9","hash":"4380e330618dc1a936dd3cc954021db9d15bcffd"}
,"/Users/mohammed/Documents/webAndApiDesignExam/backend/midddelwars/permission.js": {"path":"/Users/mohammed/Documents/webAndApiDesignExam/backend/midddelwars/permission.js","statementMap":{"0":{"start":{"line":1,"column":13},"end":{"line":1,"column":47}},"1":{"start":{"line":2,"column":12},"end":{"line":2,"column":35}},"2":{"start":{"line":3,"column":15},"end":{"line":3,"column":33}},"3":{"start":{"line":5,"column":16},"end":{"line":28,"column":1}},"4":{"start":{"line":6,"column":15},"end":{"line":6,"column":30}},"5":{"start":{"line":7,"column":1},"end":{"line":7,"column":20}},"6":{"start":{"line":9,"column":1},"end":{"line":27,"column":2}},"7":{"start":{"line":10,"column":2},"end":{"line":22,"column":3}},"8":{"start":{"line":11,"column":19},"end":{"line":11,"column":44}},"9":{"start":{"line":13,"column":3},"end":{"line":15,"column":5}},"10":{"start":{"line":17,"column":3},"end":{"line":17,"column":10}},"11":{"start":{"line":19,"column":3},"end":{"line":19,"column":24}},"12":{"start":{"line":20,"column":3},"end":{"line":20,"column":19}},"13":{"start":{"line":21,"column":3},"end":{"line":21,"column":51}},"14":{"start":{"line":24,"column":2},"end":{"line":24,"column":18}},"15":{"start":{"line":26,"column":2},"end":{"line":26,"column":46}},"16":{"start":{"line":31,"column":14},"end":{"line":38,"column":1}},"17":{"start":{"line":32,"column":1},"end":{"line":37,"column":2}},"18":{"start":{"line":33,"column":2},"end":{"line":33,"column":9}},"19":{"start":{"line":35,"column":2},"end":{"line":35,"column":18}},"20":{"start":{"line":36,"column":2},"end":{"line":36,"column":48}},"21":{"start":{"line":39,"column":0},"end":{"line":42,"column":2}}},"fnMap":{"0":{"name":"(anonymous_0)","decl":{"start":{"line":5,"column":16},"end":{"line":5,"column":17}},"loc":{"start":{"line":5,"column":42},"end":{"line":28,"column":1}},"line":5},"1":{"name":"(anonymous_1)","decl":{"start":{"line":31,"column":14},"end":{"line":31,"column":15}},"loc":{"start":{"line":31,"column":34},"end":{"line":38,"column":1}},"line":31}},"branchMap":{"0":{"loc":{"start":{"line":9,"column":1},"end":{"line":27,"column":2}},"type":"if","locations":[{"start":{"line":9,"column":1},"end":{"line":27,"column":2}},{"start":{"line":23,"column":8},"end":{"line":27,"column":2}}],"line":9},"1":{"loc":{"start":{"line":32,"column":1},"end":{"line":37,"column":2}},"type":"if","locations":[{"start":{"line":32,"column":1},"end":{"line":37,"column":2}},{"start":{"line":34,"column":8},"end":{"line":37,"column":2}}],"line":32},"2":{"loc":{"start":{"line":32,"column":5},"end":{"line":32,"column":33}},"type":"binary-expr","locations":[{"start":{"line":32,"column":5},"end":{"line":32,"column":13}},{"start":{"line":32,"column":17},"end":{"line":32,"column":33}}],"line":32}},"s":{"0":2,"1":2,"2":2,"3":2,"4":0,"5":0,"6":0,"7":0,"8":0,"9":0,"10":0,"11":0,"12":0,"13":0,"14":0,"15":0,"16":2,"17":0,"18":0,"19":0,"20":0,"21":2},"f":{"0":0,"1":0},"b":{"0":[0,0],"1":[0,0],"2":[0,0]},"_coverageSchema":"1a1c01bbd47fc00a2c39e90264f33305004495a9","hash":"8503d3f44bc3f8af98a78c7a0c79d56616aa92f3"}
,"/Users/mohammed/Documents/webAndApiDesignExam/backend/models/DashbortModels.js": {"path":"/Users/mohammed/Documents/webAndApiDesignExam/backend/models/DashbortModels.js","statementMap":{"0":{"start":{"line":1,"column":17},"end":{"line":1,"column":36}},"1":{"start":{"line":2,"column":20},"end":{"line":12,"column":1}},"2":{"start":{"line":13,"column":0},"end":{"line":13,"column":54}},"3":{"start":{"line":15,"column":23},"end":{"line":37,"column":1}},"4":{"start":{"line":39,"column":0},"end":{"line":39,"column":60}}},"fnMap":{},"branchMap":{},"s":{"0":2,"1":2,"2":2,"3":2,"4":2},"f":{},"b":{},"_coverageSchema":"1a1c01bbd47fc00a2c39e90264f33305004495a9","hash":"28e5177aa9c40248abe8dd5974a930a762680295"}
,"/Users/mohammed/Documents/webAndApiDesignExam/backend/models/usersModel.js": {"path":"/Users/mohammed/Documents/webAndApiDesignExam/backend/models/usersModel.js","statementMap":{"0":{"start":{"line":1,"column":17},"end":{"line":1,"column":36}},"1":{"start":{"line":2,"column":15},"end":{"line":2,"column":34}},"2":{"start":{"line":4,"column":19},"end":{"line":33,"column":1}},"3":{"start":{"line":35,"column":0},"end":{"line":35,"column":52}}},"fnMap":{},"branchMap":{},"s":{"0":2,"1":2,"2":2,"3":2},"f":{},"b":{},"_coverageSchema":"1a1c01bbd47fc00a2c39e90264f33305004495a9","hash":"4d8000a57646bfd6f2a8ad7d730a2f4634d1336c"}
,"/Users/mohammed/Documents/webAndApiDesignExam/backend/routers/dashbordRouter.js": {"path":"/Users/mohammed/Documents/webAndApiDesignExam/backend/routers/dashbordRouter.js","statementMap":{"0":{"start":{"line":7,"column":4},"end":{"line":7,"column":51}},"1":{"start":{"line":8,"column":16},"end":{"line":8,"column":34}},"2":{"start":{"line":12,"column":4},"end":{"line":12,"column":43}},"3":{"start":{"line":14,"column":22},"end":{"line":14,"column":38}},"4":{"start":{"line":15,"column":20},"end":{"line":15,"column":36}},"5":{"start":{"line":16,"column":0},"end":{"line":16,"column":36}},"6":{"start":{"line":17,"column":0},"end":{"line":17,"column":40}},"7":{"start":{"line":18,"column":0},"end":{"line":18,"column":37}},"8":{"start":{"line":19,"column":0},"end":{"line":19,"column":45}},"9":{"start":{"line":20,"column":0},"end":{"line":20,"column":41}},"10":{"start":{"line":21,"column":0},"end":{"line":24,"column":2}}},"fnMap":{},"branchMap":{},"s":{"0":2,"1":2,"2":2,"3":2,"4":2,"5":2,"6":2,"7":2,"8":2,"9":2,"10":2},"f":{},"b":{},"_coverageSchema":"1a1c01bbd47fc00a2c39e90264f33305004495a9","hash":"d19b905aed4c4068c1df11664c7188039ed58cc2"}
,"/Users/mohammed/Documents/webAndApiDesignExam/backend/routers/userRouters.js": {"path":"/Users/mohammed/Documents/webAndApiDesignExam/backend/routers/userRouters.js","statementMap":{"0":{"start":{"line":11,"column":4},"end":{"line":11,"column":49}},"1":{"start":{"line":15,"column":4},"end":{"line":15,"column":43}},"2":{"start":{"line":16,"column":16},"end":{"line":16,"column":34}},"3":{"start":{"line":17,"column":20},"end":{"line":17,"column":36}},"4":{"start":{"line":19,"column":0},"end":{"line":19,"column":34}},"5":{"start":{"line":20,"column":0},"end":{"line":20,"column":36}},"6":{"start":{"line":21,"column":0},"end":{"line":21,"column":37}},"7":{"start":{"line":22,"column":0},"end":{"line":22,"column":36}},"8":{"start":{"line":23,"column":0},"end":{"line":23,"column":44}},"9":{"start":{"line":24,"column":0},"end":{"line":24,"column":47}},"10":{"start":{"line":25,"column":0},"end":{"line":25,"column":39}},"11":{"start":{"line":26,"column":0},"end":{"line":26,"column":36}},"12":{"start":{"line":27,"column":0},"end":{"line":27,"column":36}},"13":{"start":{"line":28,"column":0},"end":{"line":28,"column":29}}},"fnMap":{},"branchMap":{},"s":{"0":2,"1":2,"2":2,"3":2,"4":2,"5":2,"6":2,"7":2,"8":2,"9":2,"10":2,"11":2,"12":2,"13":2},"f":{},"b":{},"_coverageSchema":"1a1c01bbd47fc00a2c39e90264f33305004495a9","hash":"612c1d445804381a6ec861fc80b0e8de0ef7133a"}
,"/Users/mohammed/Documents/webAndApiDesignExam/backend/utils/database.js": {"path":"/Users/mohammed/Documents/webAndApiDesignExam/backend/utils/database.js","statementMap":{"0":{"start":{"line":1,"column":17},"end":{"line":1,"column":36}},"1":{"start":{"line":3,"column":18},"end":{"line":3,"column":39}},"2":{"start":{"line":4,"column":0},"end":{"line":6,"column":3}},"3":{"start":{"line":5,"column":1},"end":{"line":5,"column":44}},"4":{"start":{"line":7,"column":0},"end":{"line":9,"column":3}},"5":{"start":{"line":8,"column":1},"end":{"line":8,"column":46}},"6":{"start":{"line":11,"column":21},"end":{"line":17,"column":1}},"7":{"start":{"line":12,"column":1},"end":{"line":14,"column":3}},"8":{"start":{"line":16,"column":1},"end":{"line":16,"column":35}},"9":{"start":{"line":19,"column":25},"end":{"line":21,"column":1}},"10":{"start":{"line":20,"column":1},"end":{"line":20,"column":29}},"11":{"start":{"line":23,"column":0},"end":{"line":26,"column":2}}},"fnMap":{"0":{"name":"(anonymous_0)","decl":{"start":{"line":4,"column":33},"end":{"line":4,"column":34}},"loc":{"start":{"line":4,"column":45},"end":{"line":6,"column":1}},"line":4},"1":{"name":"(anonymous_1)","decl":{"start":{"line":7,"column":31},"end":{"line":7,"column":32}},"loc":{"start":{"line":7,"column":44},"end":{"line":9,"column":1}},"line":7},"2":{"name":"(anonymous_2)","decl":{"start":{"line":11,"column":21},"end":{"line":11,"column":22}},"loc":{"start":{"line":11,"column":33},"end":{"line":17,"column":1}},"line":11},"3":{"name":"(anonymous_3)","decl":{"start":{"line":19,"column":25},"end":{"line":19,"column":26}},"loc":{"start":{"line":19,"column":37},"end":{"line":21,"column":1}},"line":19}},"branchMap":{},"s":{"0":1,"1":1,"2":1,"3":1,"4":1,"5":0,"6":1,"7":1,"8":1,"9":1,"10":1,"11":1},"f":{"0":1,"1":0,"2":1,"3":1},"b":{},"_coverageSchema":"1a1c01bbd47fc00a2c39e90264f33305004495a9","hash":"4ee6fbaca33f1441f00a126e10bc6072df60448e"}
}
